asciidoctor: WARNING: cas-registered-service.adoc: line 10: section title out of sequence: expected level 1, got level 2
asciidoctor: WARNING: class-admin.adoc: line 6: section title out of sequence: expected level 1, got level 2
asciidoctor: WARNING: export.adoc: line 5: section title out of sequence: expected level 1, got level 2
asciidoctor: WARNING: export.adoc: line 44: section title out of sequence: expected level 1, got level 2
asciidoctor: WARNING: export.adoc: line 81: section title out of sequence: expected level 1, got level 2
asciidoctor: WARNING: export.adoc: line 96: section title out of sequence: expected level 1, got level 2
asciidoctor: WARNING: index.adoc: line 7: section title out of sequence: expected level 1, got level 2
asciidoctor: WARNING: notification.adoc: line 16: section title out of sequence: expected level 1, got level 2
asciidoctor: WARNING: notification.adoc: line 20: section title out of sequence: expected level 1, got level 2
asciidoctor: WARNING: notification.adoc: line 24: section title out of sequence: expected level 1, got level 2
asciidoctor: WARNING: rest.adoc: line 15: section title out of sequence: expected level 1, got level 2
asciidoctor: WARNING: rest.adoc: line 72: section title out of sequence: expected level 1, got level 2
asciidoctor: WARNING: search.adoc: line 12: section title out of sequence: expected level 1, got level 2
asciidoctor: WARNING: search.adoc: line 32: section title out of sequence: expected level 1, got level 2
asciidoctor: WARNING: search.adoc: line 139: section title out of sequence: expected level 1, got level 2
asciidoctor: WARNING: search.adoc: line 159: section title out of sequence: expected level 1, got level 2
asciidoctor: WARNING: security.adoc: line 13: section title out of sequence: expected level 1, got level 2
asciidoctor: WARNING: share.adoc: line 3: section title out of sequence: expected level 1, got level 2
asciidoctor: WARNING: share.adoc: line 13: section title out of sequence: expected level 1, got level 2
asciidoctor: WARNING: share.adoc: line 235: section title out of sequence: expected level 1, got level 2
asciidoctor: WARNING: share.adoc: line 266: section title out of sequence: expected level 1, got level 2
asciidoctor: WARNING: trace.adoc: line 5: section title out of sequence: expected level 1, got level 2
asciidoctor: WARNING: trace.adoc: line 51: section title out of sequence: expected level 1, got level 2
asciidoctor: WARNING: trace.adoc: line 59: invalid style for fenced_code block: source
asciidoctor: WARNING: trace.adoc: line 70: invalid style for fenced_code block: source
asciidoctor: WARNING: contribution.adoc: line 5: section title out of sequence: expected level 1, got level 2
asciidoctor: WARNING: contribution.adoc: line 40: section title out of sequence: expected level 1, got level 2
asciidoctor: WARNING: contribution.adoc: line 76: section title out of sequence: expected level 1, got level 2
asciidoctor: WARNING: contribution.adoc: line 87: section title out of sequence: expected level 1, got level 2
asciidoctor: WARNING: contribution.adoc: line 97: section title out of sequence: expected level 1, got level 2
asciidoctor: WARNING: architecture.adoc: line 12: section title out of sequence: expected level 1, got level 2
asciidoctor: WARNING: architecture.adoc: line 22: section title out of sequence: expected level 1, got level 2
asciidoctor: WARNING: architecture.adoc: line 140: section title out of sequence: expected level 1, got level 2
asciidoctor: WARNING: architecture.adoc: line 707: section title out of sequence: expected level 1, got level 2
asciidoctor: WARNING: build-process.adoc: line 6: section title out of sequence: expected level 1, got level 2
asciidoctor: WARNING: build-process.adoc: line 40: section title out of sequence: expected level 1, got level 2
asciidoctor: WARNING: build-process.adoc: line 76: section title out of sequence: expected level 1, got level 2
asciidoctor: WARNING: build-process.adoc: line 138: section title out of sequence: expected level 1, got level 2
asciidoctor: WARNING: howto-addUserFilter.adoc: line 8: section title out of sequence: expected level 1, got level 2
asciidoctor: WARNING: index.adoc: line 3: section title out of sequence: expected level 1, got level 2
asciidoctor: WARNING: index.adoc: line 20: section title out of sequence: expected level 1, got level 2
asciidoctor: WARNING: index.adoc: line 44: section title out of sequence: expected level 1, got level 2
asciidoctor: WARNING: applications.adoc: line 7: section title out of sequence: expected level 1, got level 2
asciidoctor: WARNING: overriding.adoc: line 56: section title out of sequence: expected level 1, got level 2
asciidoctor: WARNING: overriding.adoc: line 86: section title out of sequence: expected level 1, got level 2
asciidoctor: WARNING: overriding.adoc: line 90: section title out of sequence: expected level 1, got level 2
asciidoctor: WARNING: index.adoc: line 8: section title out of sequence: expected level 1, got level 2
asciidoctor: WARNING: index.adoc: line 16: section title out of sequence: expected level 1, got level 2
asciidoctor: WARNING: index.adoc: line 18: section title out of sequence: expected level 1, got level 2
asciidoctor: WARNING: index.adoc: line 20: section title out of sequence: expected level 1, got level 2
asciidoctor: WARNING: index.adoc: line 22: section title out of sequence: expected level 1, got level 2
asciidoctor: WARNING: index.adoc: line 24: section title out of sequence: expected level 1, got level 2
asciidoctor: WARNING: dev-env-install.adoc: line 7: section title out of sequence: expected level 1, got level 2
asciidoctor: WARNING: dev-env-install.adoc: line 22: section title out of sequence: expected level 1, got level 2
asciidoctor: WARNING: install-with-docker.adoc: line 11: section title out of sequence: expected level 1, got level 2
asciidoctor: WARNING: install-with-docker.adoc: line 70: section title out of sequence: expected level 1, got level 2
asciidoctor: WARNING: install-with-docker.adoc: line 217: section title out of sequence: expected level 1, got level 2
asciidoctor: WARNING: minimal-plateform-config.adoc: line 9: section title out of sequence: expected level 1, got level 2
asciidoctor: WARNING: minimal-plateform-config.adoc: line 31: section title out of sequence: expected level 1, got level 2
asciidoctor: WARNING: minimal-plateform-config.adoc: line 47: section title out of sequence: expected level 1, got level 2
asciidoctor: WARNING: minimal-plateform-config.adoc: line 62: section title out of sequence: expected level 1, got level 2
asciidoctor: WARNING: springboard-install.adoc: line 3: section title out of sequence: expected level 1, got level 2
asciidoctor: WARNING: springboard-install.adoc: line 15: section title out of sequence: expected level 1, got level 2
asciidoctor: WARNING: GLOSSARY.adoc: line 3: section title out of sequence: expected level 1, got level 2
asciidoctor: WARNING: GLOSSARY.adoc: line 5: section title out of sequence: expected level 1, got level 2
asciidoctor: WARNING: GLOSSARY.adoc: line 7: section title out of sequence: expected level 1, got level 2
asciidoctor: WARNING: GLOSSARY.adoc: line 9: section title out of sequence: expected level 1, got level 2
asciidoctor: WARNING: GLOSSARY.adoc: line 11: section title out of sequence: expected level 1, got level 2
asciidoctor: WARNING: GLOSSARY.adoc: line 13: section title out of sequence: expected level 1, got level 2
asciidoctor: WARNING: GLOSSARY.adoc: line 15: section title out of sequence: expected level 1, got level 2
asciidoctor: WARNING: GLOSSARY.adoc: line 19: section title out of sequence: expected level 1, got level 2
asciidoctor: WARNING: cron.adoc: line 7: section title out of sequence: expected level 1, got level 2
asciidoctor: WARNING: cron.adoc: line 29: section title out of sequence: expected level 1, got level 2
asciidoctor: WARNING: cron.adoc: line 46: section title out of sequence: expected level 1, got level 2
asciidoctor: WARNING: export.adoc: line 6: section title out of sequence: expected level 1, got level 2
asciidoctor: WARNING: export.adoc: line 32: section title out of sequence: expected level 1, got level 2
asciidoctor: WARNING: properties-inventory.adoc: line 5: section title out of sequence: expected level 1, got level 2
asciidoctor: WARNING: properties-inventory.adoc: line 20: section title out of sequence: expected level 1, got level 2
asciidoctor: WARNING: properties-inventory.adoc: line 28: section title out of sequence: expected level 1, got level 2
asciidoctor: WARNING: properties-inventory.adoc: line 38: section title out of sequence: expected level 1, got level 2
asciidoctor: WARNING: properties-inventory.adoc: line 52: section title out of sequence: expected level 1, got level 2
asciidoctor: WARNING: properties-inventory.adoc: line 65: section title out of sequence: expected level 1, got level 2
asciidoctor: WARNING: properties-inventory.adoc: line 74: section title out of sequence: expected level 1, got level 2
asciidoctor: WARNING: properties-inventory.adoc: line 83: section title out of sequence: expected level 1, got level 2
asciidoctor: WARNING: properties-inventory.adoc: line 92: section title out of sequence: expected level 1, got level 2
asciidoctor: WARNING: properties-inventory.adoc: line 108: section title out of sequence: expected level 1, got level 2
asciidoctor: WARNING: properties-inventory.adoc: line 123: section title out of sequence: expected level 1, got level 2
asciidoctor: WARNING: README.adoc: line 28: section title out of sequence: expected level 1, got level 2
asciidoctor: WARNING: README.adoc: line 33: section title out of sequence: expected level 1, got level 2
asciidoctor: WARNING: README.adoc: line 44: section title out of sequence: expected level 1, got level 2
